<?xml version="1.0" encoding="UTF-8"?>
<!-- Generated by org.testng.reporters.JUnitReportReporter -->
<testsuite hostname="DESKTOP-ACCEJCF" failures="0" tests="3" name="com.swag.qa.test.CartPageTest" time="12.711" errors="0" timestamp="2025-05-03T19:08:07 IST" skipped="0">
  <testcase classname="com.swag.qa.test.CartPageTest" name="cartPageTitleTest" time="4.268"/>
  <system-out/>
  <testcase classname="com.swag.qa.test.CartPageTest" name="continueShoppingButtonTest" time="4.205"/>
  <system-out/>
  <testcase classname="com.swag.qa.test.CartPageTest" name="checkoutButtonTest" time="4.238"/>
  <system-out/>
</testsuite> <!-- com.swag.qa.test.CartPageTest -->
