<?xml version="1.0" encoding="UTF-8"?>
<!-- Generated by org.testng.reporters.JUnitReportReporter -->
<testsuite hostname="DESKTOP-ACCEJCF" failures="0" tests="3" name="com.swag.qa.test.CheckoutOverviewPageTest" time="14.623" errors="0" timestamp="2025-05-03T19:08:07 IST" skipped="0">
  <testcase classname="com.swag.qa.test.CheckoutOverviewPageTest" name="checkoutOverviewTitleTest" time="5.125"/>
  <system-out/>
  <testcase classname="com.swag.qa.test.CheckoutOverviewPageTest" name="cancelButtonTest" time="4.793"/>
  <system-out/>
  <testcase classname="com.swag.qa.test.CheckoutOverviewPageTest" name="finishButtonTest" time="4.705"/>
  <system-out/>
</testsuite> <!-- com.swag.qa.test.CheckoutOverviewPageTest -->
