<?xml version="1.0" encoding="UTF-8"?>
<!-- Generated by org.testng.reporters.JUnitReportReporter -->
<testsuite hostname="DESKTOP-ACCEJCF" failures="0" tests="3" name="com.swag.qa.test.CheckoutCompletePageTest" time="14.188" errors="0" timestamp="2025-05-03T19:08:07 IST" skipped="0">
  <testcase classname="com.swag.qa.test.CheckoutCompletePageTest" name="checkoutCompletePageTest" time="4.614"/>
  <system-out/>
  <testcase classname="com.swag.qa.test.CheckoutCompletePageTest" name="thankyouMessageTest" time="4.751"/>
  <system-out/>
  <testcase classname="com.swag.qa.test.CheckoutCompletePageTest" name="backHomeButtonTest" time="4.823"/>
  <system-out/>
</testsuite> <!-- com.swag.qa.test.CheckoutCompletePageTest -->
