<?xml version="1.0" encoding="UTF-8"?>
<!-- Generated by org.testng.reporters.JUnitReportReporter -->
<testsuite hostname="DESKTOP-ACCEJCF" failures="0" tests="2" name="com.swag.qa.test.LoginPageTest" time="24.732" errors="0" timestamp="2025-05-28T16:49:36 IST" skipped="0">
  <testcase classname="com.swag.qa.test.LoginPageTest" name="loginPageTitleTest" time="8.840"/>
  <system-out/>
  <testcase classname="com.swag.qa.test.LoginPageTest" name="loginTest" time="15.892"/>
  <system-out/>
</testsuite> <!-- com.swag.qa.test.LoginPageTest -->
