<?xml version="1.0" encoding="UTF-8"?>
<!-- Generated by org.testng.reporters.JUnitReportReporter -->
<testsuite hostname="DESKTOP-ACCEJCF" failures="0" tests="5" name="com.swag.qa.test.ProductPageTest" time="22.447" errors="0" timestamp="2025-05-03T19:08:07 IST" skipped="0">
  <testcase classname="com.swag.qa.test.ProductPageTest" name="productPageHeaderTitleTest" time="4.612"/>
  <system-out/>
  <testcase classname="com.swag.qa.test.ProductPageTest" name="selectDropDownTest" time="4.137"/>
  <system-out/>
  <testcase classname="com.swag.qa.test.ProductPageTest" name="addToCartButtonTest" time="4.443"/>
  <system-out/>
  <testcase classname="com.swag.qa.test.ProductPageTest" name="RemoveButtonTest" time="5.010"/>
  <system-out/>
  <testcase classname="com.swag.qa.test.ProductPageTest" name="ShoppingCartLinkTest" time="4.245"/>
  <system-out/>
</testsuite> <!-- com.swag.qa.test.ProductPageTest -->
