<?xml version="1.0" encoding="UTF-8"?>
<!-- Generated by org.testng.reporters.JUnitReportReporter -->
<testsuite hostname="DESKTOP-ACCEJCF" failures="0" tests="3" name="com.swag.qa.test.CartPageTest" time="18.151" errors="0" timestamp="2025-05-28T16:49:36 IST" skipped="0">
  <testcase classname="com.swag.qa.test.CartPageTest" name="cartPageTitleTest" time="5.935"/>
  <system-out/>
  <testcase classname="com.swag.qa.test.CartPageTest" name="continueShoppingButtonTest" time="6.222"/>
  <system-out/>
  <testcase classname="com.swag.qa.test.CartPageTest" name="checkoutButtonTest" time="5.994"/>
  <system-out/>
</testsuite> <!-- com.swag.qa.test.CartPageTest -->
