<?xml version="1.0" encoding="UTF-8"?>
<!-- Generated by org.testng.reporters.JUnitReportReporter -->
<testsuite hostname="DESKTOP-ACCEJCF" failures="0" tests="2" name="com.swag.qa.test.LoginPageTest" time="17.073" errors="0" timestamp="2025-05-03T19:08:07 IST" skipped="0">
  <testcase classname="com.swag.qa.test.LoginPageTest" name="loginPageTitleTest" time="3.682"/>
  <system-out/>
  <testcase classname="com.swag.qa.test.LoginPageTest" name="loginTest" time="13.391"/>
  <system-out/>
</testsuite> <!-- com.swag.qa.test.LoginPageTest -->
