<?xml version="1.0" encoding="UTF-8"?>
<!-- Generated by org.testng.reporters.JUnitReportReporter -->
<testsuite hostname="DESKTOP-ACCEJCF" failures="0" tests="3" name="com.swag.qa.test.CheckoutPageTest" time="13.530" errors="0" timestamp="2025-05-03T19:08:07 IST" skipped="0">
  <testcase classname="com.swag.qa.test.CheckoutPageTest" name="checkoutPageTitleTest" time="4.363"/>
  <system-out/>
  <testcase classname="com.swag.qa.test.CheckoutPageTest" name="inputInformationFieldsTest" time="4.997"/>
  <system-out/>
  <testcase classname="com.swag.qa.test.CheckoutPageTest" name="cancelButtonTest" time="4.170"/>
  <system-out/>
</testsuite> <!-- com.swag.qa.test.CheckoutPageTest -->
