<?xml version="1.0" encoding="UTF-8"?>
<!-- Generated by org.testng.reporters.JUnitReportReporter -->
<testsuite hostname="DESKTOP-ACCEJCF" failures="0" tests="3" name="com.swag.qa.test.CartPageTest" time="36.557" errors="0" timestamp="2025-07-05T16:40:37 IST" skipped="0">
  <testcase classname="com.swag.qa.test.CartPageTest" name="cartPageTitleTest" time="19.872"/>
  <system-out/>
  <testcase classname="com.swag.qa.test.CartPageTest" name="continueShoppingButtonTest" time="8.620"/>
  <system-out/>
  <testcase classname="com.swag.qa.test.CartPageTest" name="checkoutButtonTest" time="8.065"/>
  <system-out/>
</testsuite> <!-- com.swag.qa.test.CartPageTest -->
