<?xml version="1.0" encoding="UTF-8"?>
<!-- Generated by org.testng.reporters.JUnitReportReporter -->
<testsuite hostname="DESKTOP-ACCEJCF" failures="0" tests="3" name="com.swag.qa.test.CheckoutPageTest" time="26.122" errors="0" timestamp="2025-07-05T16:40:37 IST" skipped="0">
  <testcase classname="com.swag.qa.test.CheckoutPageTest" name="checkoutPageTitleTest" time="6.129"/>
  <system-out/>
  <testcase classname="com.swag.qa.test.CheckoutPageTest" name="inputInformationFieldsTest" time="6.436"/>
  <system-out/>
  <testcase classname="com.swag.qa.test.CheckoutPageTest" name="cancelButtonTest" time="13.557"/>
  <system-out/>
</testsuite> <!-- com.swag.qa.test.CheckoutPageTest -->
