<?xml version="1.0" encoding="UTF-8"?>
<!-- Generated by org.testng.reporters.JUnitReportReporter -->
<testsuite hostname="DESKTOP-ACCEJCF" failures="0" tests="2" name="com.swag.qa.test.LoginPageTest" time="10.912" errors="0" timestamp="2025-07-05T16:40:37 IST" skipped="0">
  <testcase classname="com.swag.qa.test.LoginPageTest" name="loginPageTitleTest" time="4.909"/>
  <system-out/>
  <testcase classname="com.swag.qa.test.LoginPageTest" name="loginTest" time="6.003"/>
  <system-out/>
</testsuite> <!-- com.swag.qa.test.LoginPageTest -->
